2017-10-23 17:02:02,509 INFO [org.springframework.test.context.support.DefaultTestContextBootstrapper] - Loaded default TestExecutionListener class names from location [META-INF/spring.factories]: [org.springframework.test.context.web.ServletTestExecutionListener, org.springframework.test.context.support.DirtiesContextBeforeModesTestExecutionListener, org.springframework.test.context.support.DependencyInjectionTestExecutionListener, org.springframework.test.context.support.DirtiesContextTestExecutionListener, org.springframework.test.context.transaction.TransactionalTestExecutionListener, org.springframework.test.context.jdbc.SqlScriptsTestExecutionListener]
2017-10-23 17:02:02,514 INFO [org.springframework.test.context.support.DefaultTestContextBootstrapper] - Could not instantiate TestExecutionListener [org.springframework.test.context.web.ServletTestExecutionListener]. Specify custom listener classes or make the default listener classes (and their required dependencies) available. Offending class: [javax/servlet/ServletContext]
2017-10-23 17:02:02,524 INFO [org.springframework.test.context.support.DefaultTestContextBootstrapper] - Using TestExecutionListeners: [org.springframework.test.context.support.DirtiesContextBeforeModesTestExecutionListener@42d80b78, org.springframework.test.context.support.DependencyInjectionTestExecutionListener@3bfdc050, org.springframework.test.context.support.DirtiesContextTestExecutionListener@1bce4f0a, org.springframework.test.context.transaction.TransactionalTestExecutionListener@5e3a8624, org.springframework.test.context.jdbc.SqlScriptsTestExecutionListener@5c3bd550]
2017-10-23 17:02:02,602 INFO [org.springframework.beans.factory.xml.XmlBeanDefinitionReader] - Loading XML bean definitions from file [D:\eclipse-workspace\mldnmybatis\mldnmybatis-ssm-service\target\classes\spring\spring-base.xml]
2017-10-23 17:02:02,896 INFO [org.springframework.beans.factory.xml.XmlBeanDefinitionReader] - Loading XML bean definitions from file [D:\eclipse-workspace\mldnmybatis\mldnmybatis-ssm-service\target\classes\spring\spring-datasource.xml]
2017-10-23 17:02:02,925 INFO [org.springframework.beans.factory.xml.XmlBeanDefinitionReader] - Loading XML bean definitions from file [D:\eclipse-workspace\mldnmybatis\mldnmybatis-ssm-service\target\classes\spring\spring-mybatis.xml]
2017-10-23 17:02:02,939 INFO [org.springframework.beans.factory.xml.XmlBeanDefinitionReader] - Loading XML bean definitions from file [D:\eclipse-workspace\mldnmybatis\mldnmybatis-ssm-service\target\classes\spring\spring-transaction.xml]
2017-10-23 17:02:02,990 INFO [org.springframework.context.support.GenericApplicationContext] - Refreshing org.springframework.context.support.GenericApplicationContext@78c03f1f: startup date [Mon Oct 23 17:02:02 CST 2017]; root of context hierarchy
2017-10-23 17:02:03,354 WARN [org.springframework.context.support.GenericApplicationContext] - Exception encountered during context initialization - cancelling refresh attempt: org.springframework.beans.factory.BeanCreationException: Error creating bean with name 'newsDAOImpl': Injection of resource dependencies failed; nested exception is org.springframework.beans.factory.BeanCreationException: Error creating bean with name 'sessionFactory' defined in file [D:\eclipse-workspace\mldnmybatis\mldnmybatis-ssm-service\target\classes\spring\spring-mybatis.xml]: Cannot resolve reference to bean 'dataSource' while setting bean property 'dataSource'; nested exception is org.springframework.beans.factory.CannotLoadBeanClassException: Cannot find class [com.mchange.v2.c3p0.ComboPooledDataSource] for bean with name 'dataSource' defined in file [D:\eclipse-workspace\mldnmybatis\mldnmybatis-ssm-service\target\classes\spring\spring-datasource.xml]; nested exception is java.lang.ClassNotFoundException: com.mchange.v2.c3p0.ComboPooledDataSource
Related cause: org.springframework.beans.factory.CannotLoadBeanClassException: Cannot find class [com.mchange.v2.c3p0.ComboPooledDataSource] for bean with name 'dataSource' defined in file [D:\eclipse-workspace\mldnmybatis\mldnmybatis-ssm-service\target\classes\spring\spring-datasource.xml]; nested exception is java.lang.ClassNotFoundException: com.mchange.v2.c3p0.ComboPooledDataSource
2017-10-23 17:02:03,356 ERROR [org.springframework.test.context.TestContextManager] - Caught exception while allowing TestExecutionListener [org.springframework.test.context.support.DependencyInjectionTestExecutionListener@3bfdc050] to prepare test instance [cn.mldn.mldnmybatis.test.TestNewsService@5ba3f27a]
java.lang.IllegalStateException: Failed to load ApplicationContext
	at org.springframework.test.context.cache.DefaultCacheAwareContextLoaderDelegate.loadContext(DefaultCacheAwareContextLoaderDelegate.java:125)
	at org.springframework.test.context.support.DefaultTestContext.getApplicationContext(DefaultTestContext.java:107)
	at org.springframework.test.context.support.DependencyInjectionTestExecutionListener.injectDependencies(DependencyInjectionTestExecutionListener.java:117)
	at org.springframework.test.context.support.DependencyInjectionTestExecutionListener.prepareTestInstance(DependencyInjectionTestExecutionListener.java:83)
	at org.springframework.test.context.TestContextManager.prepareTestInstance(TestContextManager.java:242)
	at org.springframework.test.context.junit4.SpringJUnit4ClassRunner.createTest(SpringJUnit4ClassRunner.java:227)
	at org.springframework.test.context.junit4.SpringJUnit4ClassRunner$1.runReflectiveCall(SpringJUnit4ClassRunner.java:289)
	at org.junit.internal.runners.model.ReflectiveCallable.run(ReflectiveCallable.java:12)
	at org.springframework.test.context.junit4.SpringJUnit4ClassRunner.methodBlock(SpringJUnit4ClassRunner.java:291)
	at org.springframework.test.context.junit4.SpringJUnit4ClassRunner.runChild(SpringJUnit4ClassRunner.java:246)
	at org.springframework.test.context.junit4.SpringJUnit4ClassRunner.runChild(SpringJUnit4ClassRunner.java:97)
	at org.junit.runners.ParentRunner$3.run(ParentRunner.java:290)
	at org.junit.runners.ParentRunner$1.schedule(ParentRunner.java:71)
	at org.junit.runners.ParentRunner.runChildren(ParentRunner.java:288)
	at org.junit.runners.ParentRunner.access$000(ParentRunner.java:58)
	at org.junit.runners.ParentRunner$2.evaluate(ParentRunner.java:268)
	at org.springframework.test.context.junit4.statements.RunBeforeTestClassCallbacks.evaluate(RunBeforeTestClassCallbacks.java:61)
	at org.springframework.test.context.junit4.statements.RunAfterTestClassCallbacks.evaluate(RunAfterTestClassCallbacks.java:70)
	at org.junit.runners.ParentRunner.run(ParentRunner.java:363)
	at org.springframework.test.context.junit4.SpringJUnit4ClassRunner.run(SpringJUnit4ClassRunner.java:190)
	at org.eclipse.jdt.internal.junit4.runner.JUnit4TestReference.run(JUnit4TestReference.java:86)
	at org.eclipse.jdt.internal.junit.runner.TestExecution.run(TestExecution.java:38)
	at org.eclipse.jdt.internal.junit.runner.RemoteTestRunner.runTests(RemoteTestRunner.java:459)
	at org.eclipse.jdt.internal.junit.runner.RemoteTestRunner.runTests(RemoteTestRunner.java:678)
	at org.eclipse.jdt.internal.junit.runner.RemoteTestRunner.run(RemoteTestRunner.java:382)
	at org.eclipse.jdt.internal.junit.runner.RemoteTestRunner.main(RemoteTestRunner.java:192)
Caused by: org.springframework.beans.factory.BeanCreationException: Error creating bean with name 'newsDAOImpl': Injection of resource dependencies failed; nested exception is org.springframework.beans.factory.BeanCreationException: Error creating bean with name 'sessionFactory' defined in file [D:\eclipse-workspace\mldnmybatis\mldnmybatis-ssm-service\target\classes\spring\spring-mybatis.xml]: Cannot resolve reference to bean 'dataSource' while setting bean property 'dataSource'; nested exception is org.springframework.beans.factory.CannotLoadBeanClassException: Cannot find class [com.mchange.v2.c3p0.ComboPooledDataSource] for bean with name 'dataSource' defined in file [D:\eclipse-workspace\mldnmybatis\mldnmybatis-ssm-service\target\classes\spring\spring-datasource.xml]; nested exception is java.lang.ClassNotFoundException: com.mchange.v2.c3p0.ComboPooledDataSource
Related cause: org.springframework.beans.factory.CannotLoadBeanClassException: Cannot find class [com.mchange.v2.c3p0.ComboPooledDataSource] for bean with name 'dataSource' defined in file [D:\eclipse-workspace\mldnmybatis\mldnmybatis-ssm-service\target\classes\spring\spring-datasource.xml]; nested exception is java.lang.ClassNotFoundException: com.mchange.v2.c3p0.ComboPooledDataSource
	at org.springframework.context.annotation.CommonAnnotationBeanPostProcessor.postProcessPropertyValues(CommonAnnotationBeanPostProcessor.java:321)
	at org.springframework.beans.factory.support.AbstractAutowireCapableBeanFactory.populateBean(AbstractAutowireCapableBeanFactory.java:1340)
	at org.springframework.beans.factory.support.AbstractAutowireCapableBeanFactory.doCreateBean(AbstractAutowireCapableBeanFactory.java:582)
	at org.springframework.beans.factory.support.AbstractAutowireCapableBeanFactory.createBean(AbstractAutowireCapableBeanFactory.java:502)
	at org.springframework.beans.factory.support.AbstractBeanFactory.lambda$doGetBean$0(AbstractBeanFactory.java:312)
	at org.springframework.beans.factory.support.DefaultSingletonBeanRegistry.getSingleton(DefaultSingletonBeanRegistry.java:228)
	at org.springframework.beans.factory.support.AbstractBeanFactory.doGetBean(AbstractBeanFactory.java:310)
	at org.springframework.beans.factory.support.AbstractBeanFactory.getBean(AbstractBeanFactory.java:200)
	at org.springframework.beans.factory.support.DefaultListableBeanFactory.preInstantiateSingletons(DefaultListableBeanFactory.java:756)
	at org.springframework.context.support.AbstractApplicationContext.finishBeanFactoryInitialization(AbstractApplicationContext.java:868)
	at org.springframework.context.support.AbstractApplicationContext.refresh(AbstractApplicationContext.java:549)
	at org.springframework.test.context.support.AbstractGenericContextLoader.loadContext(AbstractGenericContextLoader.java:128)
	at org.springframework.test.context.support.AbstractGenericContextLoader.loadContext(AbstractGenericContextLoader.java:60)
	at org.springframework.test.context.support.AbstractDelegatingSmartContextLoader.delegateLoading(AbstractDelegatingSmartContextLoader.java:109)
	at org.springframework.test.context.support.AbstractDelegatingSmartContextLoader.loadContext(AbstractDelegatingSmartContextLoader.java:246)
	at org.springframework.test.context.cache.DefaultCacheAwareContextLoaderDelegate.loadContextInternal(DefaultCacheAwareContextLoaderDelegate.java:99)
	at org.springframework.test.context.cache.DefaultCacheAwareContextLoaderDelegate.loadContext(DefaultCacheAwareContextLoaderDelegate.java:117)
	... 25 more
Caused by: org.springframework.beans.factory.BeanCreationException: Error creating bean with name 'sessionFactory' defined in file [D:\eclipse-workspace\mldnmybatis\mldnmybatis-ssm-service\target\classes\spring\spring-mybatis.xml]: Cannot resolve reference to bean 'dataSource' while setting bean property 'dataSource'; nested exception is org.springframework.beans.factory.CannotLoadBeanClassException: Cannot find class [com.mchange.v2.c3p0.ComboPooledDataSource] for bean with name 'dataSource' defined in file [D:\eclipse-workspace\mldnmybatis\mldnmybatis-ssm-service\target\classes\spring\spring-datasource.xml]; nested exception is java.lang.ClassNotFoundException: com.mchange.v2.c3p0.ComboPooledDataSource
	at org.springframework.beans.factory.support.BeanDefinitionValueResolver.resolveReference(BeanDefinitionValueResolver.java:378)
	at org.springframework.beans.factory.support.BeanDefinitionValueResolver.resolveValueIfNecessary(BeanDefinitionValueResolver.java:110)
	at org.springframework.beans.factory.support.AbstractAutowireCapableBeanFactory.applyPropertyValues(AbstractAutowireCapableBeanFactory.java:1607)
	at org.springframework.beans.factory.support.AbstractAutowireCapableBeanFactory.populateBean(AbstractAutowireCapableBeanFactory.java:1352)
	at org.springframework.beans.factory.support.AbstractAutowireCapableBeanFactory.doCreateBean(AbstractAutowireCapableBeanFactory.java:582)
	at org.springframework.beans.factory.support.AbstractAutowireCapableBeanFactory.createBean(AbstractAutowireCapableBeanFactory.java:502)
	at org.springframework.beans.factory.support.AbstractBeanFactory.lambda$doGetBean$0(AbstractBeanFactory.java:312)
	at org.springframework.beans.factory.support.DefaultSingletonBeanRegistry.getSingleton(DefaultSingletonBeanRegistry.java:228)
	at org.springframework.beans.factory.support.AbstractBeanFactory.doGetBean(AbstractBeanFactory.java:310)
	at org.springframework.beans.factory.support.AbstractBeanFactory.getBean(AbstractBeanFactory.java:205)
	at org.springframework.context.annotation.CommonAnnotationBeanPostProcessor.autowireResource(CommonAnnotationBeanPostProcessor.java:513)
	at org.springframework.context.annotation.CommonAnnotationBeanPostProcessor.getResource(CommonAnnotationBeanPostProcessor.java:484)
	at org.springframework.context.annotation.CommonAnnotationBeanPostProcessor$ResourceElement.getResourceToInject(CommonAnnotationBeanPostProcessor.java:618)
	at org.springframework.beans.factory.annotation.InjectionMetadata$InjectedElement.inject(InjectionMetadata.java:177)
	at org.springframework.beans.factory.annotation.InjectionMetadata.inject(InjectionMetadata.java:91)
	at org.springframework.context.annotation.CommonAnnotationBeanPostProcessor.postProcessPropertyValues(CommonAnnotationBeanPostProcessor.java:318)
	... 41 more
Caused by: org.springframework.beans.factory.CannotLoadBeanClassException: Cannot find class [com.mchange.v2.c3p0.ComboPooledDataSource] for bean with name 'dataSource' defined in file [D:\eclipse-workspace\mldnmybatis\mldnmybatis-ssm-service\target\classes\spring\spring-datasource.xml]; nested exception is java.lang.ClassNotFoundException: com.mchange.v2.c3p0.ComboPooledDataSource
	at org.springframework.beans.factory.support.AbstractBeanFactory.resolveBeanClass(AbstractBeanFactory.java:1380)
	at org.springframework.beans.factory.support.AbstractAutowireCapableBeanFactory.createBean(AbstractAutowireCapableBeanFactory.java:474)
	at org.springframework.beans.factory.support.AbstractBeanFactory.lambda$doGetBean$0(AbstractBeanFactory.java:312)
	at org.springframework.beans.factory.support.DefaultSingletonBeanRegistry.getSingleton(DefaultSingletonBeanRegistry.java:228)
	at org.springframework.beans.factory.support.AbstractBeanFactory.doGetBean(AbstractBeanFactory.java:310)
	at org.springframework.beans.factory.support.AbstractBeanFactory.getBean(AbstractBeanFactory.java:200)
	at org.springframework.beans.factory.support.BeanDefinitionValueResolver.resolveReference(BeanDefinitionValueResolver.java:367)
	... 56 more
Caused by: java.lang.ClassNotFoundException: com.mchange.v2.c3p0.ComboPooledDataSource
	at java.net.URLClassLoader.findClass(URLClassLoader.java:381)
	at java.lang.ClassLoader.loadClass(ClassLoader.java:424)
	at sun.misc.Launcher$AppClassLoader.loadClass(Launcher.java:331)
	at java.lang.ClassLoader.loadClass(ClassLoader.java:357)
	at org.springframework.util.ClassUtils.forName(ClassUtils.java:255)
	at org.springframework.beans.factory.support.AbstractBeanDefinition.resolveBeanClass(AbstractBeanDefinition.java:418)
	at org.springframework.beans.factory.support.AbstractBeanFactory.doResolveBeanClass(AbstractBeanFactory.java:1428)
	at org.springframework.beans.factory.support.AbstractBeanFactory.resolveBeanClass(AbstractBeanFactory.java:1372)
	... 62 more
2017-10-23 17:07:07,665 INFO [org.springframework.test.context.support.DefaultTestContextBootstrapper] - Loaded default TestExecutionListener class names from location [META-INF/spring.factories]: [org.springframework.test.context.web.ServletTestExecutionListener, org.springframework.test.context.support.DirtiesContextBeforeModesTestExecutionListener, org.springframework.test.context.support.DependencyInjectionTestExecutionListener, org.springframework.test.context.support.DirtiesContextTestExecutionListener, org.springframework.test.context.transaction.TransactionalTestExecutionListener, org.springframework.test.context.jdbc.SqlScriptsTestExecutionListener]
2017-10-23 17:07:07,670 INFO [org.springframework.test.context.support.DefaultTestContextBootstrapper] - Could not instantiate TestExecutionListener [org.springframework.test.context.web.ServletTestExecutionListener]. Specify custom listener classes or make the default listener classes (and their required dependencies) available. Offending class: [javax/servlet/ServletContext]
2017-10-23 17:07:07,680 INFO [org.springframework.test.context.support.DefaultTestContextBootstrapper] - Using TestExecutionListeners: [org.springframework.test.context.support.DirtiesContextBeforeModesTestExecutionListener@604ed9f0, org.springframework.test.context.support.DependencyInjectionTestExecutionListener@6a4f787b, org.springframework.test.context.support.DirtiesContextTestExecutionListener@685cb137, org.springframework.test.context.transaction.TransactionalTestExecutionListener@6a41eaa2, org.springframework.test.context.jdbc.SqlScriptsTestExecutionListener@7cd62f43]
2017-10-23 17:07:07,759 INFO [org.springframework.beans.factory.xml.XmlBeanDefinitionReader] - Loading XML bean definitions from file [D:\eclipse-workspace\mldnmybatis\mldnmybatis-ssm-service\target\classes\spring\spring-base.xml]
2017-10-23 17:07:07,962 INFO [org.springframework.beans.factory.xml.XmlBeanDefinitionReader] - Loading XML bean definitions from file [D:\eclipse-workspace\mldnmybatis\mldnmybatis-ssm-service\target\classes\spring\spring-datasource.xml]
2017-10-23 17:07:07,991 INFO [org.springframework.beans.factory.xml.XmlBeanDefinitionReader] - Loading XML bean definitions from file [D:\eclipse-workspace\mldnmybatis\mldnmybatis-ssm-service\target\classes\spring\spring-mybatis.xml]
2017-10-23 17:07:08,004 INFO [org.springframework.beans.factory.xml.XmlBeanDefinitionReader] - Loading XML bean definitions from file [D:\eclipse-workspace\mldnmybatis\mldnmybatis-ssm-service\target\classes\spring\spring-transaction.xml]
2017-10-23 17:07:08,064 INFO [org.springframework.context.support.GenericApplicationContext] - Refreshing org.springframework.context.support.GenericApplicationContext@20398b7c: startup date [Mon Oct 23 17:07:08 CST 2017]; root of context hierarchy
2017-10-23 17:07:08,489 INFO [com.mchange.v2.log.MLog] - MLog clients using slf4j logging.
2017-10-23 17:07:08,813 INFO [com.mchange.v2.c3p0.C3P0Registry] - Initializing c3p0-0.9.5.2 [built 08-December-2015 22:06:04 -0800; debug? true; trace: 10]
2017-10-23 17:07:09,476 INFO [com.mchange.v2.c3p0.impl.AbstractPoolBackedDataSource] - Initializing c3p0 pool... com.mchange.v2.c3p0.ComboPooledDataSource [ acquireIncrement -> 3, acquireRetryAttempts -> 30, acquireRetryDelay -> 1000, autoCommitOnClose -> false, automaticTestTable -> null, breakAfterAcquireFailure -> false, checkoutTimeout -> 0, connectionCustomizerClassName -> null, connectionTesterClassName -> com.mchange.v2.c3p0.impl.DefaultConnectionTester, contextClassLoaderSource -> caller, dataSourceName -> 1hge6hj9rk41enj1bn8n9q|53fe15ff, debugUnreturnedConnectionStackTraces -> false, description -> null, driverClass -> org.gjt.mm.mysql.Driver, extensions -> {}, factoryClassLocation -> null, forceIgnoreUnresolvedTransactions -> false, forceSynchronousCheckins -> false, forceUseNamedDriverClass -> false, identityToken -> 1hge6hj9rk41enj1bn8n9q|53fe15ff, idleConnectionTestPeriod -> 0, initialPoolSize -> 1, jdbcUrl -> jdbc:mysql://localhost:3306/mldn, maxAdministrativeTaskTime -> 0, maxConnectionAge -> 0, maxIdleTime -> 1000, maxIdleTimeExcessConnections -> 0, maxPoolSize -> 1, maxStatements -> 0, maxStatementsPerConnection -> 0, minPoolSize -> 1, numHelperThreads -> 3, preferredTestQuery -> null, privilegeSpawnedThreads -> false, properties -> {user=******, password=******}, propertyCycle -> 0, statementCacheNumDeferredCloseThreads -> 0, testConnectionOnCheckin -> false, testConnectionOnCheckout -> false, unreturnedConnectionTimeout -> 0, userOverrides -> {}, usesTraditionalReflectiveProxies -> false ]
2017-10-23 17:07:09,729 DEBUG [cn.mldn.mapping.NewsNS.doCreate] - ==>  Preparing: INSERT INTO news(title,pub_date,note) VALUES (?,?,?) 
2017-10-23 17:07:09,763 DEBUG [cn.mldn.mapping.NewsNS.doCreate] - ==> Parameters: 世界和平，约翰幸福(String), 2017-10-23 17:07:09.443(Timestamp), 世界的和平很重要(String)
2017-10-23 17:07:09,766 DEBUG [cn.mldn.mapping.NewsNS.doCreate] - <==    Updates: 1
2017-10-23 17:07:09,798 INFO [org.springframework.context.support.GenericApplicationContext] - Closing org.springframework.context.support.GenericApplicationContext@20398b7c: startup date [Mon Oct 23 17:07:08 CST 2017]; root of context hierarchy
2017-10-23 17:07:23,151 INFO [org.springframework.test.context.support.DefaultTestContextBootstrapper] - Loaded default TestExecutionListener class names from location [META-INF/spring.factories]: [org.springframework.test.context.web.ServletTestExecutionListener, org.springframework.test.context.support.DirtiesContextBeforeModesTestExecutionListener, org.springframework.test.context.support.DependencyInjectionTestExecutionListener, org.springframework.test.context.support.DirtiesContextTestExecutionListener, org.springframework.test.context.transaction.TransactionalTestExecutionListener, org.springframework.test.context.jdbc.SqlScriptsTestExecutionListener]
2017-10-23 17:07:23,157 INFO [org.springframework.test.context.support.DefaultTestContextBootstrapper] - Could not instantiate TestExecutionListener [org.springframework.test.context.web.ServletTestExecutionListener]. Specify custom listener classes or make the default listener classes (and their required dependencies) available. Offending class: [javax/servlet/ServletContext]
2017-10-23 17:07:23,169 INFO [org.springframework.test.context.support.DefaultTestContextBootstrapper] - Using TestExecutionListeners: [org.springframework.test.context.support.DirtiesContextBeforeModesTestExecutionListener@604ed9f0, org.springframework.test.context.support.DependencyInjectionTestExecutionListener@6a4f787b, org.springframework.test.context.support.DirtiesContextTestExecutionListener@685cb137, org.springframework.test.context.transaction.TransactionalTestExecutionListener@6a41eaa2, org.springframework.test.context.jdbc.SqlScriptsTestExecutionListener@7cd62f43]
2017-10-23 17:07:23,250 INFO [org.springframework.beans.factory.xml.XmlBeanDefinitionReader] - Loading XML bean definitions from file [D:\eclipse-workspace\mldnmybatis\mldnmybatis-ssm-service\target\classes\spring\spring-base.xml]
2017-10-23 17:07:23,453 INFO [org.springframework.beans.factory.xml.XmlBeanDefinitionReader] - Loading XML bean definitions from file [D:\eclipse-workspace\mldnmybatis\mldnmybatis-ssm-service\target\classes\spring\spring-datasource.xml]
2017-10-23 17:07:23,484 INFO [org.springframework.beans.factory.xml.XmlBeanDefinitionReader] - Loading XML bean definitions from file [D:\eclipse-workspace\mldnmybatis\mldnmybatis-ssm-service\target\classes\spring\spring-mybatis.xml]
2017-10-23 17:07:23,498 INFO [org.springframework.beans.factory.xml.XmlBeanDefinitionReader] - Loading XML bean definitions from file [D:\eclipse-workspace\mldnmybatis\mldnmybatis-ssm-service\target\classes\spring\spring-transaction.xml]
2017-10-23 17:07:23,550 INFO [org.springframework.context.support.GenericApplicationContext] - Refreshing org.springframework.context.support.GenericApplicationContext@20398b7c: startup date [Mon Oct 23 17:07:23 CST 2017]; root of context hierarchy
2017-10-23 17:07:23,941 INFO [com.mchange.v2.log.MLog] - MLog clients using slf4j logging.
2017-10-23 17:07:24,186 INFO [com.mchange.v2.c3p0.C3P0Registry] - Initializing c3p0-0.9.5.2 [built 08-December-2015 22:06:04 -0800; debug? true; trace: 10]
2017-10-23 17:07:24,801 INFO [com.mchange.v2.c3p0.impl.AbstractPoolBackedDataSource] - Initializing c3p0 pool... com.mchange.v2.c3p0.ComboPooledDataSource [ acquireIncrement -> 3, acquireRetryAttempts -> 30, acquireRetryDelay -> 1000, autoCommitOnClose -> false, automaticTestTable -> null, breakAfterAcquireFailure -> false, checkoutTimeout -> 0, connectionCustomizerClassName -> null, connectionTesterClassName -> com.mchange.v2.c3p0.impl.DefaultConnectionTester, contextClassLoaderSource -> caller, dataSourceName -> 1hge6hj9rk41ql0a1jup0|53fe15ff, debugUnreturnedConnectionStackTraces -> false, description -> null, driverClass -> org.gjt.mm.mysql.Driver, extensions -> {}, factoryClassLocation -> null, forceIgnoreUnresolvedTransactions -> false, forceSynchronousCheckins -> false, forceUseNamedDriverClass -> false, identityToken -> 1hge6hj9rk41ql0a1jup0|53fe15ff, idleConnectionTestPeriod -> 0, initialPoolSize -> 1, jdbcUrl -> jdbc:mysql://localhost:3306/mldn, maxAdministrativeTaskTime -> 0, maxConnectionAge -> 0, maxIdleTime -> 1000, maxIdleTimeExcessConnections -> 0, maxPoolSize -> 1, maxStatements -> 0, maxStatementsPerConnection -> 0, minPoolSize -> 1, numHelperThreads -> 3, preferredTestQuery -> null, privilegeSpawnedThreads -> false, properties -> {user=******, password=******}, propertyCycle -> 0, statementCacheNumDeferredCloseThreads -> 0, testConnectionOnCheckin -> false, testConnectionOnCheckout -> false, unreturnedConnectionTimeout -> 0, userOverrides -> {}, usesTraditionalReflectiveProxies -> false ]
2017-10-23 17:07:25,087 INFO [org.springframework.context.support.GenericApplicationContext] - Closing org.springframework.context.support.GenericApplicationContext@20398b7c: startup date [Mon Oct 23 17:07:23 CST 2017]; root of context hierarchy
2017-10-23 17:07:45,104 INFO [org.springframework.test.context.support.DefaultTestContextBootstrapper] - Loaded default TestExecutionListener class names from location [META-INF/spring.factories]: [org.springframework.test.context.web.ServletTestExecutionListener, org.springframework.test.context.support.DirtiesContextBeforeModesTestExecutionListener, org.springframework.test.context.support.DependencyInjectionTestExecutionListener, org.springframework.test.context.support.DirtiesContextTestExecutionListener, org.springframework.test.context.transaction.TransactionalTestExecutionListener, org.springframework.test.context.jdbc.SqlScriptsTestExecutionListener]
2017-10-23 17:07:45,109 INFO [org.springframework.test.context.support.DefaultTestContextBootstrapper] - Could not instantiate TestExecutionListener [org.springframework.test.context.web.ServletTestExecutionListener]. Specify custom listener classes or make the default listener classes (and their required dependencies) available. Offending class: [javax/servlet/ServletContext]
2017-10-23 17:07:45,119 INFO [org.springframework.test.context.support.DefaultTestContextBootstrapper] - Using TestExecutionListeners: [org.springframework.test.context.support.DirtiesContextBeforeModesTestExecutionListener@604ed9f0, org.springframework.test.context.support.DependencyInjectionTestExecutionListener@6a4f787b, org.springframework.test.context.support.DirtiesContextTestExecutionListener@685cb137, org.springframework.test.context.transaction.TransactionalTestExecutionListener@6a41eaa2, org.springframework.test.context.jdbc.SqlScriptsTestExecutionListener@7cd62f43]
2017-10-23 17:07:45,198 INFO [org.springframework.beans.factory.xml.XmlBeanDefinitionReader] - Loading XML bean definitions from file [D:\eclipse-workspace\mldnmybatis\mldnmybatis-ssm-service\target\classes\spring\spring-base.xml]
2017-10-23 17:07:45,414 INFO [org.springframework.beans.factory.xml.XmlBeanDefinitionReader] - Loading XML bean definitions from file [D:\eclipse-workspace\mldnmybatis\mldnmybatis-ssm-service\target\classes\spring\spring-datasource.xml]
2017-10-23 17:07:45,443 INFO [org.springframework.beans.factory.xml.XmlBeanDefinitionReader] - Loading XML bean definitions from file [D:\eclipse-workspace\mldnmybatis\mldnmybatis-ssm-service\target\classes\spring\spring-mybatis.xml]
2017-10-23 17:07:45,460 INFO [org.springframework.beans.factory.xml.XmlBeanDefinitionReader] - Loading XML bean definitions from file [D:\eclipse-workspace\mldnmybatis\mldnmybatis-ssm-service\target\classes\spring\spring-transaction.xml]
2017-10-23 17:07:45,515 INFO [org.springframework.context.support.GenericApplicationContext] - Refreshing org.springframework.context.support.GenericApplicationContext@20398b7c: startup date [Mon Oct 23 17:07:45 CST 2017]; root of context hierarchy
2017-10-23 17:07:45,919 INFO [com.mchange.v2.log.MLog] - MLog clients using slf4j logging.
2017-10-23 17:07:46,178 INFO [com.mchange.v2.c3p0.C3P0Registry] - Initializing c3p0-0.9.5.2 [built 08-December-2015 22:06:04 -0800; debug? true; trace: 10]
2017-10-23 17:07:46,818 INFO [com.mchange.v2.c3p0.impl.AbstractPoolBackedDataSource] - Initializing c3p0 pool... com.mchange.v2.c3p0.ComboPooledDataSource [ acquireIncrement -> 3, acquireRetryAttempts -> 30, acquireRetryDelay -> 1000, autoCommitOnClose -> false, automaticTestTable -> null, breakAfterAcquireFailure -> false, checkoutTimeout -> 0, connectionCustomizerClassName -> null, connectionTesterClassName -> com.mchange.v2.c3p0.impl.DefaultConnectionTester, contextClassLoaderSource -> caller, dataSourceName -> 1hge6hj9rk427j91k6l4s3|53fe15ff, debugUnreturnedConnectionStackTraces -> false, description -> null, driverClass -> org.gjt.mm.mysql.Driver, extensions -> {}, factoryClassLocation -> null, forceIgnoreUnresolvedTransactions -> false, forceSynchronousCheckins -> false, forceUseNamedDriverClass -> false, identityToken -> 1hge6hj9rk427j91k6l4s3|53fe15ff, idleConnectionTestPeriod -> 0, initialPoolSize -> 1, jdbcUrl -> jdbc:mysql://localhost:3306/mldn, maxAdministrativeTaskTime -> 0, maxConnectionAge -> 0, maxIdleTime -> 1000, maxIdleTimeExcessConnections -> 0, maxPoolSize -> 1, maxStatements -> 0, maxStatementsPerConnection -> 0, minPoolSize -> 1, numHelperThreads -> 3, preferredTestQuery -> null, privilegeSpawnedThreads -> false, properties -> {user=******, password=******}, propertyCycle -> 0, statementCacheNumDeferredCloseThreads -> 0, testConnectionOnCheckin -> false, testConnectionOnCheckout -> false, unreturnedConnectionTimeout -> 0, userOverrides -> {}, usesTraditionalReflectiveProxies -> false ]
2017-10-23 17:07:47,096 DEBUG [cn.mldn.mapping.NewsNS.findByIds] - ==>  Preparing: SELECT nid,title,pub_date AS pubdate,note FROM news WHERE nid IN ( ? , ? , ? ) 
2017-10-23 17:07:47,122 DEBUG [cn.mldn.mapping.NewsNS.findByIds] - ==> Parameters: 1(Long), 3(Long), 5(Long)
2017-10-23 17:07:47,140 TRACE [cn.mldn.mapping.NewsNS.findByIds] - <==    Columns: nid, title, pubdate, note
2017-10-23 17:07:47,145 TRACE [cn.mldn.mapping.NewsNS.findByIds] - <==        Row: 3, 约翰的一生都在约汉, 2017-10-23 11:35:09.0, <<BLOB>>
2017-10-23 17:07:47,150 TRACE [cn.mldn.mapping.NewsNS.findByIds] - <==        Row: 5, 新闻标题 - 677874677, 2017-10-23 11:40:53.0, <<BLOB>>
2017-10-23 17:07:47,150 DEBUG [cn.mldn.mapping.NewsNS.findByIds] - <==      Total: 2
2017-10-23 17:07:47,160 INFO [org.springframework.context.support.GenericApplicationContext] - Closing org.springframework.context.support.GenericApplicationContext@20398b7c: startup date [Mon Oct 23 17:07:45 CST 2017]; root of context hierarchy
2017-10-23 17:07:53,780 INFO [org.springframework.test.context.support.DefaultTestContextBootstrapper] - Loaded default TestExecutionListener class names from location [META-INF/spring.factories]: [org.springframework.test.context.web.ServletTestExecutionListener, org.springframework.test.context.support.DirtiesContextBeforeModesTestExecutionListener, org.springframework.test.context.support.DependencyInjectionTestExecutionListener, org.springframework.test.context.support.DirtiesContextTestExecutionListener, org.springframework.test.context.transaction.TransactionalTestExecutionListener, org.springframework.test.context.jdbc.SqlScriptsTestExecutionListener]
2017-10-23 17:07:53,785 INFO [org.springframework.test.context.support.DefaultTestContextBootstrapper] - Could not instantiate TestExecutionListener [org.springframework.test.context.web.ServletTestExecutionListener]. Specify custom listener classes or make the default listener classes (and their required dependencies) available. Offending class: [javax/servlet/ServletContext]
2017-10-23 17:07:53,795 INFO [org.springframework.test.context.support.DefaultTestContextBootstrapper] - Using TestExecutionListeners: [org.springframework.test.context.support.DirtiesContextBeforeModesTestExecutionListener@604ed9f0, org.springframework.test.context.support.DependencyInjectionTestExecutionListener@6a4f787b, org.springframework.test.context.support.DirtiesContextTestExecutionListener@685cb137, org.springframework.test.context.transaction.TransactionalTestExecutionListener@6a41eaa2, org.springframework.test.context.jdbc.SqlScriptsTestExecutionListener@7cd62f43]
2017-10-23 17:07:53,883 INFO [org.springframework.beans.factory.xml.XmlBeanDefinitionReader] - Loading XML bean definitions from file [D:\eclipse-workspace\mldnmybatis\mldnmybatis-ssm-service\target\classes\spring\spring-base.xml]
2017-10-23 17:07:54,099 INFO [org.springframework.beans.factory.xml.XmlBeanDefinitionReader] - Loading XML bean definitions from file [D:\eclipse-workspace\mldnmybatis\mldnmybatis-ssm-service\target\classes\spring\spring-datasource.xml]
2017-10-23 17:07:54,127 INFO [org.springframework.beans.factory.xml.XmlBeanDefinitionReader] - Loading XML bean definitions from file [D:\eclipse-workspace\mldnmybatis\mldnmybatis-ssm-service\target\classes\spring\spring-mybatis.xml]
2017-10-23 17:07:54,141 INFO [org.springframework.beans.factory.xml.XmlBeanDefinitionReader] - Loading XML bean definitions from file [D:\eclipse-workspace\mldnmybatis\mldnmybatis-ssm-service\target\classes\spring\spring-transaction.xml]
2017-10-23 17:07:54,193 INFO [org.springframework.context.support.GenericApplicationContext] - Refreshing org.springframework.context.support.GenericApplicationContext@20398b7c: startup date [Mon Oct 23 17:07:54 CST 2017]; root of context hierarchy
2017-10-23 17:07:54,589 INFO [com.mchange.v2.log.MLog] - MLog clients using slf4j logging.
2017-10-23 17:07:54,810 INFO [com.mchange.v2.c3p0.C3P0Registry] - Initializing c3p0-0.9.5.2 [built 08-December-2015 22:06:04 -0800; debug? true; trace: 10]
2017-10-23 17:07:55,406 INFO [com.mchange.v2.c3p0.impl.AbstractPoolBackedDataSource] - Initializing c3p0 pool... com.mchange.v2.c3p0.ComboPooledDataSource [ acquireIncrement -> 3, acquireRetryAttempts -> 30, acquireRetryDelay -> 1000, autoCommitOnClose -> false, automaticTestTable -> null, breakAfterAcquireFailure -> false, checkoutTimeout -> 0, connectionCustomizerClassName -> null, connectionTesterClassName -> com.mchange.v2.c3p0.impl.DefaultConnectionTester, contextClassLoaderSource -> caller, dataSourceName -> 1hge6hj9rk42e81zxjifv|53fe15ff, debugUnreturnedConnectionStackTraces -> false, description -> null, driverClass -> org.gjt.mm.mysql.Driver, extensions -> {}, factoryClassLocation -> null, forceIgnoreUnresolvedTransactions -> false, forceSynchronousCheckins -> false, forceUseNamedDriverClass -> false, identityToken -> 1hge6hj9rk42e81zxjifv|53fe15ff, idleConnectionTestPeriod -> 0, initialPoolSize -> 1, jdbcUrl -> jdbc:mysql://localhost:3306/mldn, maxAdministrativeTaskTime -> 0, maxConnectionAge -> 0, maxIdleTime -> 1000, maxIdleTimeExcessConnections -> 0, maxPoolSize -> 1, maxStatements -> 0, maxStatementsPerConnection -> 0, minPoolSize -> 1, numHelperThreads -> 3, preferredTestQuery -> null, privilegeSpawnedThreads -> false, properties -> {user=******, password=******}, propertyCycle -> 0, statementCacheNumDeferredCloseThreads -> 0, testConnectionOnCheckin -> false, testConnectionOnCheckout -> false, unreturnedConnectionTimeout -> 0, userOverrides -> {}, usesTraditionalReflectiveProxies -> false ]
2017-10-23 17:07:55,681 DEBUG [cn.mldn.mapping.NewsNS.findSplit] - ==>  Preparing: SELECT nid,title,pub_date AS pubdate,note FROM news LIMIT ?,? 
2017-10-23 17:07:55,706 DEBUG [cn.mldn.mapping.NewsNS.findSplit] - ==> Parameters: 0(Long), 2(Integer)
2017-10-23 17:07:55,724 TRACE [cn.mldn.mapping.NewsNS.findSplit] - <==    Columns: nid, title, pubdate, note
2017-10-23 17:07:55,728 TRACE [cn.mldn.mapping.NewsNS.findSplit] - <==        Row: 2, 新闻标题 - 1721418800, 2017-10-23 11:32:59.0, <<BLOB>>
2017-10-23 17:07:55,733 TRACE [cn.mldn.mapping.NewsNS.findSplit] - <==        Row: 3, 约翰的一生都在约汉, 2017-10-23 11:35:09.0, <<BLOB>>
2017-10-23 17:07:55,733 DEBUG [cn.mldn.mapping.NewsNS.findSplit] - <==      Total: 2
2017-10-23 17:07:55,744 INFO [org.springframework.context.support.GenericApplicationContext] - Closing org.springframework.context.support.GenericApplicationContext@20398b7c: startup date [Mon Oct 23 17:07:54 CST 2017]; root of context hierarchy
